[35m[Appium][39m Available drivers:
[35m[Appium][39m   - xcuitest@4.10.2 (automationName 'XCUITest')
[35m[Appium][39m   - uiautomator2@2.4.8 (automationName 'UiAutomator2')
[35m[Appium][39m No plugins have been installed. Use the "appium plugin" command to install the one(s) you want to use.
[35m[HTTP][39m [37m-->[39m [37mPOST[39m [37m/session[39m
[35m[HTTP][39m [90m{"capabilities":{"alwaysMatch":{"platformName":"Android","appium:deviceName":"Pixel 4a","appium:platformVersion":"11.0","appium:automationName":"UIAutomator2","appium:app":"G:\\Automation_Bro\\appium\\appium-demo\\app\\android\\ApiDemos-debug.apk"},"firstMatch":[{}]},"desiredCapabilities":{"platformName":"Android","appium:deviceName":"Pixel 4a","appium:platformVersion":"11.0","appium:automationName":"UIAutomator2","appium:app":"G:\\Automation_Bro\\appium\\appium-demo\\app\\android\\ApiDemos-debug.apk"}}[39m
[debug] [35m[AppiumDriver@8b2c][39m Calling AppiumDriver.createSession() with args: [{"platformName":"Android","appium:deviceName":"Pixel 4a","appium:platformVersion":"11.0","appium:automationName":"UIAutomator2","appium:app":"G:\\Automation_Bro\\appium\\appium-demo\\app\\android\\ApiDemos-debug.apk"},null,{"alwaysMatch":{"platformName":"Android","appium:deviceName":"Pixel 4a","appium:platformVersion":"11.0","appium:automationName":"UIAutomator2","appium:app":"G:\\Automation_Bro\\appium\\appium-demo\\app\\android\\ApiDemos-debug.apk"},"firstMatch":[{}]}]
[debug] [35m[AppiumDriver@8b2c][39m Event 'newSessionRequested' logged at 1663099990439 (02:13:10 GMT+0600 (Bangladesh Standard Time))
[35m[Appium][39m Attempting to find matching driver for automationName 'UIAutomator2' and platformName 'Android'
[35m[Appium][39m The 'uiautomator2' driver was installed and matched caps.
[35m[Appium][39m Will require it at C:\Users\sulta\.appium\node_modules\appium-uiautomator2-driver
[debug] [35m[Appium][39m Requiring driver at C:\Users\sulta\.appium\node_modules\appium-uiautomator2-driver
[35m[AppiumDriver@8b2c][39m Appium v2.0.0-beta.43 creating new AndroidUiautomator2Driver (v2.4.8) session
[35m[AppiumDriver@8b2c][39m Checking BaseDriver versions for Appium and AndroidUiautomator2Driver
[35m[AppiumDriver@8b2c][39m Appium's BaseDriver version is 8.7.0
[35m[AppiumDriver@8b2c][39m AndroidUiautomator2Driver's BaseDriver version is 8.7.0
[debug] [35m[AndroidUiautomator2Driver@2649][39m Creating session with W3C capabilities: {
[debug] [35m[AndroidUiautomator2Driver@2649][39m   "alwaysMatch": {
[debug] [35m[AndroidUiautomator2Driver@2649][39m     "platformName": "Android",
[debug] [35m[AndroidUiautomator2Driver@2649][39m     "appium:deviceName": "Pixel 4a",
[debug] [35m[AndroidUiautomator2Driver@2649][39m     "appium:platformVersion": "11.0",
[debug] [35m[AndroidUiautomator2Driver@2649][39m     "appium:automationName": "UIAutomator2",
[debug] [35m[AndroidUiautomator2Driver@2649][39m     "appium:app": "G:\\Automation_Bro\\appium\\appium-demo\\app\\android\\ApiDemos-debug.apk"
[debug] [35m[AndroidUiautomator2Driver@2649][39m   },
[debug] [35m[AndroidUiautomator2Driver@2649][39m   "firstMatch": [
[debug] [35m[AndroidUiautomator2Driver@2649][39m     {}
[debug] [35m[AndroidUiautomator2Driver@2649][39m   ]
[debug] [35m[AndroidUiautomator2Driver@2649][39m }
[35m[AndroidUiautomator2Driver@2649 (355d5405)][39m Session created with session id: 355d5405-b623-4e47-9730-39833eab1b04
[35m[BaseDriver][39m Using local app 'G:\Automation_Bro\appium\appium-demo\app\android\ApiDemos-debug.apk'
[debug] [35m[AndroidUiautomator2Driver@2649 (355d5405)][39m Checking whether app is actually present
[35m[ADB][39m Found 2 'build-tools' folders under 'C:\Users\sulta\AppData\Local\Android\Sdk' (newest first):
[35m[ADB][39m     C:/Users/sulta/AppData/Local/Android/Sdk/build-tools/33.0.0
[35m[ADB][39m     C:/Users/sulta/AppData/Local/Android/Sdk/build-tools/30.0.3
[35m[ADB][39m Using 'adb.exe' from 'C:\Users\sulta\AppData\Local\Android\Sdk\platform-tools\adb.exe'
[debug] [35m[ADB][39m Running 'C:\Users\sulta\AppData\Local\Android\Sdk\platform-tools\adb.exe -P 5037 start-server'
[35m[AndroidDriver][39m Retrieving device list
[debug] [35m[ADB][39m Trying to find a connected android device
[debug] [35m[ADB][39m Getting connected devices
[debug] [35m[ADB][39m Connected devices: [{"udid":"emulator-5554","state":"device"},{"udid":"emulator-5556","state":"device"}]
[35m[AndroidDriver][39m Looking for a device with Android '11.0.0'
[debug] [35m[ADB][39m Setting device id to emulator-5554
[35m[ADB][39m Getting device platform version
[debug] [35m[ADB][39m Running 'C:\Users\sulta\AppData\Local\Android\Sdk\platform-tools\adb.exe -P 5037 -s emulator-5554 shell getprop ro.build.version.release'
[debug] [35m[ADB][39m Current device property 'ro.build.version.release': 11
[35m[AndroidDriver][39m Using device: emulator-5554
[35m[ADB][39m Using 'adb.exe' from 'C:\Users\sulta\AppData\Local\Android\Sdk\platform-tools\adb.exe'
[debug] [35m[ADB][39m Running 'C:\Users\sulta\AppData\Local\Android\Sdk\platform-tools\adb.exe -P 5037 start-server'
[debug] [35m[ADB][39m Setting device id to emulator-5554
[debug] [35m[ADB][39m Running 'C:\Users\sulta\AppData\Local\Android\Sdk\platform-tools\adb.exe -P 5037 -s emulator-5554 shell getprop ro.build.version.sdk'
[debug] [35m[ADB][39m Current device property 'ro.build.version.sdk': 30
[35m[ADB][39m Getting device platform version
[debug] [35m[ADB][39m Running 'C:\Users\sulta\AppData\Local\Android\Sdk\platform-tools\adb.exe -P 5037 -s emulator-5554 shell getprop ro.build.version.release'
[debug] [35m[ADB][39m Current device property 'ro.build.version.release': 11
[debug] [35m[ADB][39m Device API level: 30
[35m[AndroidUiautomator2Driver@2649 (355d5405)][39m Relaxing hidden api policy
[debug] [35m[ADB][39m Running 'C:\Users\sulta\AppData\Local\Android\Sdk\platform-tools\adb.exe -P 5037 -s emulator-5554 shell 'settings put global hidden_api_policy_pre_p_apps 1;settings put global hidden_api_policy_p_apps 1;settings put global hidden_api_policy 1''
[debug] [35m[AndroidDriver][39m Parsing package and activity from app manifest
[35m[ADB][39m Package name: 'io.appium.android.apis'
[35m[ADB][39m Main activity name: 'io.appium.android.apis.ApiDemos'
[debug] [35m[AndroidDriver][39m Parsed package and activity are: io.appium.android.apis/io.appium.android.apis.ApiDemos
[debug] [35m[ADB][39m Running 'C:\Users\sulta\AppData\Local\Android\Sdk\platform-tools\adb.exe -P 5037 -s emulator-5554 wait-for-device'
[debug] [35m[ADB][39m Running 'C:\Users\sulta\AppData\Local\Android\Sdk\platform-tools\adb.exe -P 5037 -s emulator-5554 shell echo ping'
[debug] [35m[AndroidDriver][39m Pushing settings apk to device...
[debug] [35m[ADB][39m Getting install status for io.appium.settings
[debug] [35m[ADB][39m Running 'C:\Users\sulta\AppData\Local\Android\Sdk\platform-tools\adb.exe -P 5037 -s emulator-5554 shell dumpsys package io.appium.settings'
[debug] [35m[ADB][39m 'io.appium.settings' is installed
[debug] [35m[ADB][39m Getting package info for 'io.appium.settings'
[debug] [35m[ADB][39m Running 'C:\Users\sulta\AppData\Local\Android\Sdk\platform-tools\adb.exe -P 5037 -s emulator-5554 shell dumpsys package io.appium.settings'
[debug] [35m[ADB][39m The version name of the installed 'io.appium.settings' is greater or equal to the application version name ('4.1.2' >= '4.1.2')
[debug] [35m[ADB][39m There is no need to install/upgrade 'C:\Users\sulta\.appium\node_modules\appium-uiautomator2-driver\node_modules\io.appium.settings\apks\settings_apk-debug.apk'
[debug] [35m[ADB][39m Getting IDs of all 'io.appium.settings' processes
[debug] [35m[ADB][39m Running 'C:\Users\sulta\AppData\Local\Android\Sdk\platform-tools\adb.exe -P 5037 -s emulator-5554 shell 'pgrep --help; echo $?''
[debug] [35m[ADB][39m Running 'C:\Users\sulta\AppData\Local\Android\Sdk\platform-tools\adb.exe -P 5037 -s emulator-5554 shell pgrep -f \(\[\[:blank:\]\]\|\^\)io\.appium\.settings\(\[\[:blank:\]\]\|\$\)'
[debug] [35m[AndroidDriver][39m io.appium.settings is already running. There is no need to reset its permissions.
[debug] [35m[Logcat][39m Starting logs capture with command: C:\\Users\\sulta\\AppData\\Local\\Android\\Sdk\\platform-tools\\adb.exe -P 5037 -s emulator-5554 logcat -v threadtime
[debug] [35m[AndroidUiautomator2Driver@2649 (355d5405)][39m Forwarding UiAutomator2 Server port 6790 to local port 8201
[debug] [35m[ADB][39m Forwarding system: 8201 to device: 6790
[debug] [35m[ADB][39m Running 'C:\Users\sulta\AppData\Local\Android\Sdk\platform-tools\adb.exe -P 5037 -s emulator-5554 forward tcp:8201 tcp:6790'
[debug] [35m[ADB][39m Getting install status for io.appium.uiautomator2.server
[debug] [35m[ADB][39m Running 'C:\Users\sulta\AppData\Local\Android\Sdk\platform-tools\adb.exe -P 5037 -s emulator-5554 shell dumpsys package io.appium.uiautomator2.server'
[debug] [35m[ADB][39m 'io.appium.uiautomator2.server' is installed
[debug] [35m[ADB][39m Getting package info for 'io.appium.uiautomator2.server'
[debug] [35m[ADB][39m Running 'C:\Users\sulta\AppData\Local\Android\Sdk\platform-tools\adb.exe -P 5037 -s emulator-5554 shell dumpsys package io.appium.uiautomator2.server'
[debug] [35m[ADB][39m The version name of the installed 'io.appium.uiautomator2.server' is greater or equal to the application version name ('5.6.2' >= '5.6.2')
[debug] [35m[AndroidUiautomator2Driver@2649 (355d5405)][39m io.appium.uiautomator2.server installation state: sameVersionInstalled
[debug] [35m[ADB][39m Checking app cert for C:\Users\sulta\.appium\node_modules\appium-uiautomator2-driver\node_modules\appium-uiautomator2-server\apks\appium-uiautomator2-server-v5.6.2.apk
[35m[ADB][39m Using 'apksigner.jar' from 'C:\Users\sulta\AppData\Local\Android\Sdk\build-tools\33.0.0\lib\apksigner.jar'
[debug] [35m[ADB][39m Starting apksigner: 'C:\\Program Files\\Eclipse Adoptium\\jdk-11.0.16.101-hotspot\\bin\\java.exe' -Xmx1024M -Xss1m -jar C:\\Users\\sulta\\AppData\\Local\\Android\\Sdk\\build-tools\\33.0.0\\lib\\apksigner.jar verify --print-certs C:\\Users\\sulta\\.appium\\node_modules\\appium-uiautomator2-driver\\node_modules\\appium-uiautomator2-server\\apks\\appium-uiautomator2-server-v5.6.2.apk
[debug] [35m[ADB][39m apksigner stdout: Signer #1 certificate DN: EMAILADDRESS=android@android.com, CN=Android, OU=Android, O=Android, L=Mountain View, ST=California, C=US
[debug] [35m[ADB][39m Signer #1 certificate SHA-256 digest: a40da80a59d170caa950cf15c18c454d47a39b26989d8b640ecd745ba71bf5dc
[debug] [35m[ADB][39m Signer #1 certificate SHA-1 digest: 61ed377e85d386a8dfee6b864bd85b0bfaa5af81
[debug] [35m[ADB][39m Signer #1 certificate MD5 digest: e89b158e4bcf988ebd09eb83f5378e87
[debug] [35m[ADB][39m 
[debug] [35m[ADB][39m sha256 hash did match for 'appium-uiautomator2-server-v5.6.2.apk'
[35m[ADB][39m 'C:\Users\sulta\.appium\node_modules\appium-uiautomator2-driver\node_modules\appium-uiautomator2-server\apks\appium-uiautomator2-server-v5.6.2.apk' is signed with the default certificate
[debug] [35m[ADB][39m Getting install status for io.appium.uiautomator2.server.test
[debug] [35m[ADB][39m Running 'C:\Users\sulta\AppData\Local\Android\Sdk\platform-tools\adb.exe -P 5037 -s emulator-5554 shell dumpsys package io.appium.uiautomator2.server.test'
[debug] [35m[ADB][39m 'io.appium.uiautomator2.server.test' is installed
[debug] [35m[ADB][39m Checking app cert for C:\Users\sulta\.appium\node_modules\appium-uiautomator2-driver\node_modules\appium-uiautomator2-server\apks\appium-uiautomator2-server-debug-androidTest.apk
[debug] [35m[ADB][39m Starting apksigner: 'C:\\Program Files\\Eclipse Adoptium\\jdk-11.0.16.101-hotspot\\bin\\java.exe' -Xmx1024M -Xss1m -jar C:\\Users\\sulta\\AppData\\Local\\Android\\Sdk\\build-tools\\33.0.0\\lib\\apksigner.jar verify --print-certs C:\\Users\\sulta\\.appium\\node_modules\\appium-uiautomator2-driver\\node_modules\\appium-uiautomator2-server\\apks\\appium-uiautomator2-server-debug-androidTest.apk
[debug] [35m[ADB][39m apksigner stdout: Signer #1 certificate DN: EMAILADDRESS=android@android.com, CN=Android, OU=Android, O=Android, L=Mountain View, ST=California, C=US
[debug] [35m[ADB][39m Signer #1 certificate SHA-256 digest: a40da80a59d170caa950cf15c18c454d47a39b26989d8b640ecd745ba71bf5dc
[debug] [35m[ADB][39m Signer #1 certificate SHA-1 digest: 61ed377e85d386a8dfee6b864bd85b0bfaa5af81
[debug] [35m[ADB][39m Signer #1 certificate MD5 digest: e89b158e4bcf988ebd09eb83f5378e87
[debug] [35m[ADB][39m 
[debug] [35m[ADB][39m sha256 hash did match for 'appium-uiautomator2-server-debug-androidTest.apk'
[35m[ADB][39m 'C:\Users\sulta\.appium\node_modules\appium-uiautomator2-driver\node_modules\appium-uiautomator2-server\apks\appium-uiautomator2-server-debug-androidTest.apk' is signed with the default certificate
[35m[AndroidUiautomator2Driver@2649 (355d5405)][39m Server packages are not going to be (re)installed
[debug] [35m[AndroidUiautomator2Driver@2649 (355d5405)][39m Waiting up to 30000ms for services to be available
[debug] [35m[ADB][39m Running 'C:\Users\sulta\AppData\Local\Android\Sdk\platform-tools\adb.exe -P 5037 -s emulator-5554 shell pm list instrumentation'
[debug] [35m[AndroidUiautomator2Driver@2649 (355d5405)][39m Instrumentation target 'io.appium.uiautomator2.server.test/androidx.test.runner.AndroidJUnitRunner' is available
[35m[ADB][39m Adding packages ["io.appium.settings","io.appium.uiautomator2.server","io.appium.uiautomator2.server.test"] to Doze whitelist
[debug] [35m[ADB][39m Got the following command chunks to execute: [["dumpsys","deviceidle","whitelist","+io.appium.settings",";","dumpsys","deviceidle","whitelist","+io.appium.uiautomator2.server",";","dumpsys","deviceidle","whitelist","+io.appium.uiautomator2.server.test",";"]]
[debug] [35m[ADB][39m Running 'C:\Users\sulta\AppData\Local\Android\Sdk\platform-tools\adb.exe -P 5037 -s emulator-5554 shell dumpsys deviceidle whitelist +io.appium.settings ; dumpsys deviceidle whitelist +io.appium.uiautomator2.server ; dumpsys deviceidle whitelist +io.appium.uiautomator2.server.test ;'
[debug] [35m[ADB][39m Checking app cert for G:\Automation_Bro\appium\appium-demo\app\android\ApiDemos-debug.apk
[debug] [35m[ADB][39m Starting apksigner: 'C:\\Program Files\\Eclipse Adoptium\\jdk-11.0.16.101-hotspot\\bin\\java.exe' -Xmx1024M -Xss1m -jar C:\\Users\\sulta\\AppData\\Local\\Android\\Sdk\\build-tools\\33.0.0\\lib\\apksigner.jar verify --print-certs G:\\Automation_Bro\\appium\\appium-demo\\app\\android\\ApiDemos-debug.apk
[debug] [35m[ADB][39m apksigner stdout: Signer #1 certificate DN: EMAILADDRESS=android@android.com, CN=Android, OU=Android, O=Android, L=Mountain View, ST=California, C=US
[debug] [35m[ADB][39m Signer #1 certificate SHA-256 digest: a40da80a59d170caa950cf15c18c454d47a39b26989d8b640ecd745ba71bf5dc
[debug] [35m[ADB][39m Signer #1 certificate SHA-1 digest: 61ed377e85d386a8dfee6b864bd85b0bfaa5af81
[debug] [35m[ADB][39m Signer #1 certificate MD5 digest: e89b158e4bcf988ebd09eb83f5378e87
[debug] [35m[ADB][39m 
[debug] [35m[ADB][39m sha256 hash did match for 'ApiDemos-debug.apk'
[35m[ADB][39m 'G:\Automation_Bro\appium\appium-demo\app\android\ApiDemos-debug.apk' is signed with the default certificate
[debug] [35m[ADB][39m Getting install status for io.appium.android.apis
[debug] [35m[ADB][39m Running 'C:\Users\sulta\AppData\Local\Android\Sdk\platform-tools\adb.exe -P 5037 -s emulator-5554 shell dumpsys package io.appium.android.apis'
[debug] [35m[ADB][39m 'io.appium.android.apis' is installed
[debug] [35m[ADB][39m Getting package info for 'io.appium.android.apis'
[debug] [35m[ADB][39m Running 'C:\Users\sulta\AppData\Local\Android\Sdk\platform-tools\adb.exe -P 5037 -s emulator-5554 shell dumpsys package io.appium.android.apis'
[debug] [35m[ADB][39m The version name of the installed 'io.appium.android.apis' is greater or equal to the application version name ('3.1.0' >= '3.1.0')
[debug] [35m[ADB][39m There is no need to install/upgrade 'G:\Automation_Bro\appium\appium-demo\app\android\ApiDemos-debug.apk'
[35m[AndroidDriver][39m Performing fast reset on 'io.appium.android.apis'
[debug] [35m[ADB][39m Getting install status for io.appium.android.apis
[debug] [35m[ADB][39m Running 'C:\Users\sulta\AppData\Local\Android\Sdk\platform-tools\adb.exe -P 5037 -s emulator-5554 shell dumpsys package io.appium.android.apis'
[debug] [35m[ADB][39m 'io.appium.android.apis' is installed
[debug] [35m[ADB][39m Running 'C:\Users\sulta\AppData\Local\Android\Sdk\platform-tools\adb.exe -P 5037 -s emulator-5554 shell am force-stop io.appium.android.apis'
[debug] [35m[ADB][39m Running 'C:\Users\sulta\AppData\Local\Android\Sdk\platform-tools\adb.exe -P 5037 -s emulator-5554 shell pm clear io.appium.android.apis'
[debug] [35m[AndroidDriver][39m Performed fast reset on the installed 'io.appium.android.apis' application (stop and clear)
[debug] [35m[AndroidUiautomator2Driver@2649 (355d5405)][39m Performing shallow cleanup of automation leftovers
[debug] [35m[AndroidUiautomator2Driver@2649 (355d5405)][39m No obsolete sessions have been detected (socket hang up)
[debug] [35m[ADB][39m Running 'C:\Users\sulta\AppData\Local\Android\Sdk\platform-tools\adb.exe -P 5037 -s emulator-5554 shell am force-stop io.appium.uiautomator2.server.test'
[35m[AndroidUiautomator2Driver@2649 (355d5405)][39m Starting UIAutomator2 server 5.6.2
[35m[AndroidUiautomator2Driver@2649 (355d5405)][39m Using UIAutomator2 server from 'C:\Users\sulta\.appium\node_modules\appium-uiautomator2-driver\node_modules\appium-uiautomator2-server\apks\appium-uiautomator2-server-v5.6.2.apk' and test from 'C:\Users\sulta\.appium\node_modules\appium-uiautomator2-driver\node_modules\appium-uiautomator2-server\apks\appium-uiautomator2-server-debug-androidTest.apk'
[35m[AndroidUiautomator2Driver@2649 (355d5405)][39m Waiting up to 30000ms for UiAutomator2 to be online...
[debug] [35m[ADB][39m Creating ADB subprocess with args: ["-P",5037,"-s","emulator-5554","shell","am","instrument","-w","-e","disableAnalytics",true,"io.appium.uiautomator2.server.test/androidx.test.runner.AndroidJUnitRunner"]
[debug] [35m[AndroidUiautomator2Driver@2649 (355d5405)][39m Matched '/status' to command name 'getStatus'
[debug] [35m[AndroidUiautomator2Driver@2649 (355d5405)][39m Proxying [GET /status] to [GET http://127.0.0.1:8201/status] with no body
[35m[AndroidUiautomator2Driver@2649 (355d5405)][39m socket hang up
[debug] [35m[Instrumentation][39m io.appium.uiautomator2.server.test.AppiumUiAutomator2Server:
[debug] [35m[AndroidUiautomator2Driver@2649 (355d5405)][39m Matched '/status' to command name 'getStatus'
[debug] [35m[AndroidUiautomator2Driver@2649 (355d5405)][39m Proxying [GET /status] to [GET http://127.0.0.1:8201/status] with no body
[35m[AndroidUiautomator2Driver@2649 (355d5405)][39m socket hang up
[debug] [35m[AndroidUiautomator2Driver@2649 (355d5405)][39m Matched '/status' to command name 'getStatus'
[debug] [35m[AndroidUiautomator2Driver@2649 (355d5405)][39m Proxying [GET /status] to [GET http://127.0.0.1:8201/status] with no body
[debug] [35m[AndroidUiautomator2Driver@2649 (355d5405)][39m Got response with status 200: {"sessionId":"None","value":{"message":"UiAutomator2 Server is ready to accept commands","ready":true}}
[debug] [35m[AndroidUiautomator2Driver@2649 (355d5405)][39m The initialization of the instrumentation process took 2138ms
[debug] [35m[AndroidUiautomator2Driver@2649 (355d5405)][39m Matched '/session' to command name 'createSession'
[debug] [35m[AndroidUiautomator2Driver@2649 (355d5405)][39m Proxying [POST /session] to [POST http://127.0.0.1:8201/session] with body: {"capabilities":{"firstMatch":[{"platform":"LINUX","webStorageEnabled":false,"takesScreenshot":true,"javascriptEnabled":true,"databaseEnabled":false,"networkConnectionEnabled":true,"locationContextEnabled":false,"warnings":{},"desired":{"platformName":"Android","deviceName":"Pixel 4a","platformVersion":"11.0","automationName":"UIAutomator2","app":"G:\\Automation_Bro\\appium\\appium-demo\\app\\android\\ApiDemos-debug.apk"},"platformName":"Android","deviceName":"emulator-5554","platformVersion":"11.0","automationName":"UIAutomator2","app":"G:\\Automation_Bro\\appium\\appium-demo\\app\\android\\ApiDemos-debug.apk","deviceUDID":"emulator-5554","appPackage":"io.appium.android.apis"}],"alwaysMatch":{}}}
[debug] [35m[AndroidUiautomator2Driver@2649 (355d5405)][39m Got response with status 200: {"sessionId":"4552d76a-ec45-42c4-8ca7-64d7d50c654a","value":{"capabilities":{"firstMatch":[{"platform":"LINUX","webStorageEnabled":false,"takesScreenshot":true,"javascriptEnabled":true,"databaseEnabled":false,"networkConnectionEnabled":true,"locationContextEnabled":false,"warnings":{},"desired":{"platformName":"Android","deviceName":"Pixel 4a","platformVersion":"11.0","automationName":"UIAutomator2","app":"G:\\Automation_Bro\\appium\\appium-demo\\app\\android\\ApiDemos-debug.apk"},"platformName":"Android","deviceName":"emulator-5554","platformVersion":"11.0","automationName":"UIAutomator2","app":"G:\\Automation_Bro\\appium\\appium-demo\\app\\android\\ApiDemos-debug.apk","deviceUDID":"emulator-5554","appPackage":"io.appium.android.apis"}],"alwaysMatch":{}},"sessionId":"4552d76a-ec45-42c4-8ca7-64d7d50c654a"}}
[35m[AndroidUiautomator2Driver@2649 (355d5405)][39m Determined the downstream protocol as 'W3C'
[debug] [35m[AndroidUiautomator2Driver@2649 (355d5405)][39m Proxying [GET /appium/device/info] to [GET http://127.0.0.1:8201/session/4552d76a-ec45-42c4-8ca7-64d7d50c654a/appium/device/info] with no body
[debug] [35m[AndroidUiautomator2Driver@2649 (355d5405)][39m Got response with status 200: {"sessionId":"4552d76a-ec45-42c4-8ca7-64d7d50c654a","value":{"androidId":"bb7d6dd343e65dd9","apiVersion":"30","bluetooth":{"state":"ON"},"brand":"Android","carrierName":"Android","displayDensity":440,"locale":"en_US","manufacturer":"unknown","model":"Android SDK built for x86","networks":[{"capabilities":{"SSID":null,"linkDownBandwidthKbps":30000,"linkUpstreamBandwidthKbps":15000,"networkCapabilities":"NET_CAPABILITY_MMS,NET_CAPABILITY_SUPL,NET_CAPABILITY_DUN,NET_CAPABILITY_FOTA,NET_CAPABILITY_IMS,NET_CAPABILITY_CBS,NET_CAPABILITY_INTERNET,NET_CAPABILITY_NOT_RESTRICTED,NET_CAPABILITY_TRUSTED,NET_CAPABILITY_NOT_VPN,NET_CAPABILITY_VALIDATED,NET_CAPABILITY_NOT_ROAMING,NET_CAPABILITY_NOT_CONGESTED,NET_CAPABILITY_NOT_SUSPENDED","signalStrength":-2147483648,"transportTypes":"TRANSPORT_CELLULAR"},"detailedState":"CONNECTED","extraInfo":"epc.tmobile.com","isAvailable":true,"isConnected":true,"isFailover":false,"isRoaming":false,"state":"CONNECTED","subtype":13,"subtypeName":"LTE","type":0,"typeName":"MOBILE"},{"ca...
[debug] [35m[ADB][39m Running 'C:\Users\sulta\AppData\Local\Android\Sdk\platform-tools\adb.exe -P 5037 -s emulator-5554 shell dumpsys window'
[35m[AndroidDriver][39m Screen already unlocked, doing nothing
[35m[AndroidUiautomator2Driver@2649 (355d5405)][39m Starting 'io.appium.android.apis/io.appium.android.apis.ApiDemos and waiting for 'io.appium.android.apis/io.appium.android.apis.ApiDemos'
[debug] [35m[ADB][39m Running 'C:\Users\sulta\AppData\Local\Android\Sdk\platform-tools\adb.exe -P 5037 -s emulator-5554 shell am start -W -n io.appium.android.apis/io.appium.android.apis.ApiDemos -S -a android.intent.action.MAIN -c android.intent.category.LAUNCHER -f 0x10200000'
[debug] [35m[ADB][39m Waiting up to 20000ms for activity matching pkg: 'io.appium.android.apis' and activity: 'io.appium.android.apis.ApiDemos' to be focused
[debug] [35m[ADB][39m Possible activities, to be checked: 'io.appium.android.apis.ApiDemos', 'io.appium.android.apis.io.appium.android.apis.ApiDemos'
[debug] [35m[ADB][39m Getting focused package and activity
[debug] [35m[ADB][39m Running 'C:\Users\sulta\AppData\Local\Android\Sdk\platform-tools\adb.exe -P 5037 -s emulator-5554 shell dumpsys window displays'
[debug] [35m[ADB][39m Found package: 'io.appium.android.apis' and fully qualified activity name : 'io.appium.android.apis.ApiDemos'
[debug] [35m[AndroidUiautomator2Driver@2649 (355d5405)][39m Proxying [GET /appium/device/pixel_ratio] to [GET http://127.0.0.1:8201/session/4552d76a-ec45-42c4-8ca7-64d7d50c654a/appium/device/pixel_ratio] with no body
[debug] [35m[AndroidUiautomator2Driver@2649 (355d5405)][39m Got response with status 200: {"sessionId":"4552d76a-ec45-42c4-8ca7-64d7d50c654a","value":2.75}
[debug] [35m[AndroidUiautomator2Driver@2649 (355d5405)][39m Matched '/appium/device/system_bars' to command name 'getSystemBars'
[debug] [35m[AndroidUiautomator2Driver@2649 (355d5405)][39m Proxying [GET /appium/device/system_bars] to [GET http://127.0.0.1:8201/session/4552d76a-ec45-42c4-8ca7-64d7d50c654a/appium/device/system_bars] with no body
[debug] [35m[AndroidUiautomator2Driver@2649 (355d5405)][39m Got response with status 200: {"sessionId":"4552d76a-ec45-42c4-8ca7-64d7d50c654a","value":{"statusBar":136}}
[debug] [35m[AndroidUiautomator2Driver@2649 (355d5405)][39m Matched '/window/current/size' to command name 'getWindowSize'
[debug] [35m[AndroidUiautomator2Driver@2649 (355d5405)][39m Proxying [GET /window/current/size] to [GET http://127.0.0.1:8201/session/4552d76a-ec45-42c4-8ca7-64d7d50c654a/window/current/size] with no body
[debug] [35m[AndroidUiautomator2Driver@2649 (355d5405)][39m Got response with status 200: {"sessionId":"4552d76a-ec45-42c4-8ca7-64d7d50c654a","value":{"height":2072,"width":1080}}
[35m[AppiumDriver@8b2c][39m New AndroidUiautomator2Driver session created successfully, session 355d5405-b623-4e47-9730-39833eab1b04 added to master session list
[debug] [35m[AppiumDriver@8b2c][39m Event 'newSessionStarted' logged at 1663099996217 (02:13:16 GMT+0600 (Bangladesh Standard Time))
[debug] [35m[AndroidUiautomator2Driver@2649 (355d5405)][39m Cached the protocol value 'W3C' for the new session 355d5405-b623-4e47-9730-39833eab1b04
[debug] [35m[AndroidUiautomator2Driver@2649 (355d5405)][39m Responding to client with driver.createSession() result: {"capabilities":{"platform":"LINUX","webStorageEnabled":false,"takesScreenshot":true,"javascriptEnabled":true,"databaseEnabled":false,"networkConnectionEnabled":true,"locationContextEnabled":false,"warnings":{},"desired":{"platformName":"Android","deviceName":"Pixel 4a","platformVersion":"11.0","automationName":"UIAutomator2","app":"G:\\Automation_Bro\\appium\\appium-demo\\app\\android\\ApiDemos-debug.apk"},"platformName":"Android","deviceName":"emulator-5554","platformVersion":"11","automationName":"UIAutomator2","app":"G:\\Automation_Bro\\appium\\appium-demo\\app\\android\\ApiDemos-debug.apk","deviceUDID":"emulator-5554","appPackage":"io.appium.android.apis","deviceApiLevel":30,"deviceScreenSize":"1080x2340","deviceScreenDensity":440,"deviceModel":"Android SDK built for x86","deviceManufacturer":"unknown","pixelRatio":2.75,"statBarHeight":136,"viewportRect":{"left":0,"top":136,"width":1080,"height":1936}}}
[35m[HTTP][39m [37m<-- POST /session [39m[32m200[39m [90m5783 ms - 982[39m
[35m[HTTP][39m [90m[39m
[35m[HTTP][39m [37m-->[39m [37mPOST[39m [37m/session/355d5405-b623-4e47-9730-39833eab1b04/element[39m
[35m[HTTP][39m [90m{"using":"accessibility id","value":"App"}[39m
[debug] [35m[AndroidUiautomator2Driver@2649 (355d5405)][39m Calling AppiumDriver.findElement() with args: ["accessibility id","App","355d5405-b623-4e47-9730-39833eab1b04"]
[debug] [35m[AndroidUiautomator2Driver@2649 (355d5405)][39m Valid locator strategies for this request: xpath, id, class name, accessibility id, css selector, -android uiautomator
[debug] [35m[AndroidUiautomator2Driver@2649 (355d5405)][39m Waiting up to 0 ms for condition
[debug] [35m[AndroidUiautomator2Driver@2649 (355d5405)][39m Matched '/element' to command name 'findElement'
[debug] [35m[AndroidUiautomator2Driver@2649 (355d5405)][39m Proxying [POST /element] to [POST http://127.0.0.1:8201/session/4552d76a-ec45-42c4-8ca7-64d7d50c654a/element] with body: {"strategy":"accessibility id","selector":"App","context":"","multiple":false}
[debug] [35m[AndroidUiautomator2Driver@2649 (355d5405)][39m Got response with status 200: {"sessionId":"4552d76a-ec45-42c4-8ca7-64d7d50c654a","value":{"ELEMENT":"00000000-0000-00e9-ffff-ffff0000000c","element-6066-11e4-a52e-4f735466cecf":"00000000-0000-00e9-ffff-ffff0000000c"}}
[debug] [35m[AndroidUiautomator2Driver@2649 (355d5405)][39m Responding to client with driver.findElement() result: {"element-6066-11e4-a52e-4f735466cecf":"00000000-0000-00e9-ffff-ffff0000000c","ELEMENT":"00000000-0000-00e9-ffff-ffff0000000c"}
[35m[HTTP][39m [37m<-- POST /session/355d5405-b623-4e47-9730-39833eab1b04/element [39m[32m200[39m [90m450 ms - 137[39m
[35m[HTTP][39m [90m[39m
[35m[HTTP][39m [37m-->[39m [37mPOST[39m [37m/session/355d5405-b623-4e47-9730-39833eab1b04/element/00000000-0000-00e9-ffff-ffff0000000c/click[39m
[35m[HTTP][39m [90m{}[39m
[debug] [35m[AndroidUiautomator2Driver@2649 (355d5405)][39m Calling AppiumDriver.click() with args: ["00000000-0000-00e9-ffff-ffff0000000c","355d5405-b623-4e47-9730-39833eab1b04"]
[debug] [35m[AndroidUiautomator2Driver@2649 (355d5405)][39m Matched '/element/00000000-0000-00e9-ffff-ffff0000000c/click' to command name 'click'
[debug] [35m[AndroidUiautomator2Driver@2649 (355d5405)][39m Proxying [POST /element/00000000-0000-00e9-ffff-ffff0000000c/click] to [POST http://127.0.0.1:8201/session/4552d76a-ec45-42c4-8ca7-64d7d50c654a/element/00000000-0000-00e9-ffff-ffff0000000c/click] with body: {"element":"00000000-0000-00e9-ffff-ffff0000000c"}
[debug] [35m[AndroidUiautomator2Driver@2649 (355d5405)][39m Got response with status 200: {"sessionId":"4552d76a-ec45-42c4-8ca7-64d7d50c654a","value":null}
[debug] [35m[AndroidUiautomator2Driver@2649 (355d5405)][39m Responding to client with driver.click() result: null
[35m[HTTP][39m [37m<-- POST /session/355d5405-b623-4e47-9730-39833eab1b04/element/00000000-0000-00e9-ffff-ffff0000000c/click [39m[32m200[39m [90m902 ms - 14[39m
[35m[HTTP][39m [90m[39m
[35m[HTTP][39m [37m-->[39m [37mPOST[39m [37m/session/355d5405-b623-4e47-9730-39833eab1b04/element[39m
[35m[HTTP][39m [90m{"using":"accessibility id","value":"Action Bar"}[39m
[debug] [35m[AndroidUiautomator2Driver@2649 (355d5405)][39m Calling AppiumDriver.findElement() with args: ["accessibility id","Action Bar","355d5405-b623-4e47-9730-39833eab1b04"]
[debug] [35m[AndroidUiautomator2Driver@2649 (355d5405)][39m Valid locator strategies for this request: xpath, id, class name, accessibility id, css selector, -android uiautomator
[debug] [35m[AndroidUiautomator2Driver@2649 (355d5405)][39m Waiting up to 0 ms for condition
[debug] [35m[AndroidUiautomator2Driver@2649 (355d5405)][39m Matched '/element' to command name 'findElement'
[debug] [35m[AndroidUiautomator2Driver@2649 (355d5405)][39m Proxying [POST /element] to [POST http://127.0.0.1:8201/session/4552d76a-ec45-42c4-8ca7-64d7d50c654a/element] with body: {"strategy":"accessibility id","selector":"Action Bar","context":"","multiple":false}
[debug] [35m[AndroidUiautomator2Driver@2649 (355d5405)][39m Got response with status 200: {"sessionId":"4552d76a-ec45-42c4-8ca7-64d7d50c654a","value":{"ELEMENT":"00000000-0000-00ea-ffff-ffff0000001f","element-6066-11e4-a52e-4f735466cecf":"00000000-0000-00ea-ffff-ffff0000001f"}}
[debug] [35m[AndroidUiautomator2Driver@2649 (355d5405)][39m Responding to client with driver.findElement() result: {"element-6066-11e4-a52e-4f735466cecf":"00000000-0000-00ea-ffff-ffff0000001f","ELEMENT":"00000000-0000-00ea-ffff-ffff0000001f"}
[35m[HTTP][39m [37m<-- POST /session/355d5405-b623-4e47-9730-39833eab1b04/element [39m[32m200[39m [90m26 ms - 137[39m
[35m[HTTP][39m [90m[39m
[35m[HTTP][39m [37m-->[39m [37mPOST[39m [37m/session/355d5405-b623-4e47-9730-39833eab1b04/elements[39m
[35m[HTTP][39m [90m{"using":"accessibility id","value":"Action Bar"}[39m
[debug] [35m[AndroidUiautomator2Driver@2649 (355d5405)][39m Calling AppiumDriver.findElements() with args: ["accessibility id","Action Bar","355d5405-b623-4e47-9730-39833eab1b04"]
[debug] [35m[AndroidUiautomator2Driver@2649 (355d5405)][39m Valid locator strategies for this request: xpath, id, class name, accessibility id, css selector, -android uiautomator
[debug] [35m[AndroidUiautomator2Driver@2649 (355d5405)][39m Waiting up to 0 ms for condition
[debug] [35m[AndroidUiautomator2Driver@2649 (355d5405)][39m Matched '/elements' to command name 'findElements'
[debug] [35m[AndroidUiautomator2Driver@2649 (355d5405)][39m Proxying [POST /elements] to [POST http://127.0.0.1:8201/session/4552d76a-ec45-42c4-8ca7-64d7d50c654a/elements] with body: {"strategy":"accessibility id","selector":"Action Bar","context":"","multiple":true}
[debug] [35m[AndroidUiautomator2Driver@2649 (355d5405)][39m Got response with status 200: {"sessionId":"4552d76a-ec45-42c4-8ca7-64d7d50c654a","value":[{"ELEMENT":"00000000-0000-00ea-ffff-ffff0000001f","element-6066-11e4-a52e-4f735466cecf":"00000000-0000-00ea-ffff-ffff0000001f"}]}
[debug] [35m[AndroidUiautomator2Driver@2649 (355d5405)][39m Responding to client with driver.findElements() result: [{"element-6066-11e4-a52e-4f735466cecf":"00000000-0000-00ea-ffff-ffff0000001f","ELEMENT":"00000000-0000-00ea-ffff-ffff0000001f"}]
[35m[HTTP][39m [37m<-- POST /session/355d5405-b623-4e47-9730-39833eab1b04/elements [39m[32m200[39m [90m25 ms - 139[39m
[35m[HTTP][39m [90m[39m
[35m[HTTP][39m [37m-->[39m [37mPOST[39m [37m/session/355d5405-b623-4e47-9730-39833eab1b04/element[39m
[35m[HTTP][39m [90m{"using":"accessibility id","value":"Activity"}[39m
[debug] [35m[AndroidUiautomator2Driver@2649 (355d5405)][39m Calling AppiumDriver.findElement() with args: ["accessibility id","Activity","355d5405-b623-4e47-9730-39833eab1b04"]
[debug] [35m[AndroidUiautomator2Driver@2649 (355d5405)][39m Valid locator strategies for this request: xpath, id, class name, accessibility id, css selector, -android uiautomator
[debug] [35m[AndroidUiautomator2Driver@2649 (355d5405)][39m Waiting up to 0 ms for condition
[debug] [35m[AndroidUiautomator2Driver@2649 (355d5405)][39m Matched '/element' to command name 'findElement'
[debug] [35m[AndroidUiautomator2Driver@2649 (355d5405)][39m Proxying [POST /element] to [POST http://127.0.0.1:8201/session/4552d76a-ec45-42c4-8ca7-64d7d50c654a/element] with body: {"strategy":"accessibility id","selector":"Activity","context":"","multiple":false}
[debug] [35m[AndroidUiautomator2Driver@2649 (355d5405)][39m Got response with status 200: {"sessionId":"4552d76a-ec45-42c4-8ca7-64d7d50c654a","value":{"ELEMENT":"00000000-0000-00ea-ffff-ffff00000020","element-6066-11e4-a52e-4f735466cecf":"00000000-0000-00ea-ffff-ffff00000020"}}
[debug] [35m[AndroidUiautomator2Driver@2649 (355d5405)][39m Responding to client with driver.findElement() result: {"element-6066-11e4-a52e-4f735466cecf":"00000000-0000-00ea-ffff-ffff00000020","ELEMENT":"00000000-0000-00ea-ffff-ffff00000020"}
[35m[HTTP][39m [37m<-- POST /session/355d5405-b623-4e47-9730-39833eab1b04/element [39m[32m200[39m [90m25 ms - 137[39m
[35m[HTTP][39m [90m[39m
[35m[HTTP][39m [37m-->[39m [37mPOST[39m [37m/session/355d5405-b623-4e47-9730-39833eab1b04/element/00000000-0000-00ea-ffff-ffff00000020/click[39m
[35m[HTTP][39m [90m{}[39m
[debug] [35m[AndroidUiautomator2Driver@2649 (355d5405)][39m Calling AppiumDriver.click() with args: ["00000000-0000-00ea-ffff-ffff00000020","355d5405-b623-4e47-9730-39833eab1b04"]
[debug] [35m[AndroidUiautomator2Driver@2649 (355d5405)][39m Matched '/element/00000000-0000-00ea-ffff-ffff00000020/click' to command name 'click'
[debug] [35m[AndroidUiautomator2Driver@2649 (355d5405)][39m Proxying [POST /element/00000000-0000-00ea-ffff-ffff00000020/click] to [POST http://127.0.0.1:8201/session/4552d76a-ec45-42c4-8ca7-64d7d50c654a/element/00000000-0000-00ea-ffff-ffff00000020/click] with body: {"element":"00000000-0000-00ea-ffff-ffff00000020"}
[debug] [35m[AndroidUiautomator2Driver@2649 (355d5405)][39m Got response with status 200: {"sessionId":"4552d76a-ec45-42c4-8ca7-64d7d50c654a","value":null}
[debug] [35m[AndroidUiautomator2Driver@2649 (355d5405)][39m Responding to client with driver.click() result: null
[35m[HTTP][39m [37m<-- POST /session/355d5405-b623-4e47-9730-39833eab1b04/element/00000000-0000-00ea-ffff-ffff00000020/click [39m[32m200[39m [90m800 ms - 14[39m
[35m[HTTP][39m [90m[39m
[35m[HTTP][39m [37m-->[39m [37mPOST[39m [37m/session/355d5405-b623-4e47-9730-39833eab1b04/element[39m
[35m[HTTP][39m [90m{"using":"-android uiautomator","value":"new UiScrollable(new UiSelector().scrollable(true)).scrollTextIntoView(\"Secure Surfaces\")"}[39m
[debug] [35m[AndroidUiautomator2Driver@2649 (355d5405)][39m Calling AppiumDriver.findElement() with args: ["-android uiautomator","new UiScrollable(new UiSelector().scrollable(true)).scrollTextIntoView(\"Secure Surfaces\")","355d5405-b623-4e47-9730-39833eab1b04"]
[debug] [35m[AndroidUiautomator2Driver@2649 (355d5405)][39m Valid locator strategies for this request: xpath, id, class name, accessibility id, css selector, -android uiautomator
[debug] [35m[AndroidUiautomator2Driver@2649 (355d5405)][39m Waiting up to 0 ms for condition
[debug] [35m[AndroidUiautomator2Driver@2649 (355d5405)][39m Matched '/element' to command name 'findElement'
[debug] [35m[AndroidUiautomator2Driver@2649 (355d5405)][39m Proxying [POST /element] to [POST http://127.0.0.1:8201/session/4552d76a-ec45-42c4-8ca7-64d7d50c654a/element] with body: {"strategy":"-android uiautomator","selector":"new UiScrollable(new UiSelector().scrollable(true)).scrollTextIntoView(\"Secure Surfaces\")","context":"","multiple":false}
[debug] [35m[AndroidUiautomator2Driver@2649 (355d5405)][39m Got response with status 200: {"sessionId":"4552d76a-ec45-42c4-8ca7-64d7d50c654a","value":{"ELEMENT":"00000000-0000-00eb-ffff-ffff0000003a","element-6066-11e4-a52e-4f735466cecf":"00000000-0000-00eb-ffff-ffff0000003a"}}
[debug] [35m[AndroidUiautomator2Driver@2649 (355d5405)][39m Responding to client with driver.findElement() result: {"element-6066-11e4-a52e-4f735466cecf":"00000000-0000-00eb-ffff-ffff0000003a","ELEMENT":"00000000-0000-00eb-ffff-ffff0000003a"}
[35m[HTTP][39m [37m<-- POST /session/355d5405-b623-4e47-9730-39833eab1b04/element [39m[32m200[39m [90m3454 ms - 137[39m
[35m[HTTP][39m [90m[39m
[35m[HTTP][39m [37m-->[39m [37mPOST[39m [37m/session/355d5405-b623-4e47-9730-39833eab1b04/element[39m
[35m[HTTP][39m [90m{"using":"accessibility id","value":"Secure Surfaces"}[39m
[debug] [35m[AndroidUiautomator2Driver@2649 (355d5405)][39m Calling AppiumDriver.findElement() with args: ["accessibility id","Secure Surfaces","355d5405-b623-4e47-9730-39833eab1b04"]
[debug] [35m[AndroidUiautomator2Driver@2649 (355d5405)][39m Valid locator strategies for this request: xpath, id, class name, accessibility id, css selector, -android uiautomator
[debug] [35m[AndroidUiautomator2Driver@2649 (355d5405)][39m Waiting up to 0 ms for condition
[debug] [35m[AndroidUiautomator2Driver@2649 (355d5405)][39m Matched '/element' to command name 'findElement'
[debug] [35m[AndroidUiautomator2Driver@2649 (355d5405)][39m Proxying [POST /element] to [POST http://127.0.0.1:8201/session/4552d76a-ec45-42c4-8ca7-64d7d50c654a/element] with body: {"strategy":"accessibility id","selector":"Secure Surfaces","context":"","multiple":false}
[debug] [35m[AndroidUiautomator2Driver@2649 (355d5405)][39m Got response with status 200: {"sessionId":"4552d76a-ec45-42c4-8ca7-64d7d50c654a","value":{"ELEMENT":"00000000-0000-00eb-ffff-ffff0000003a","element-6066-11e4-a52e-4f735466cecf":"00000000-0000-00eb-ffff-ffff0000003a"}}
[debug] [35m[AndroidUiautomator2Driver@2649 (355d5405)][39m Responding to client with driver.findElement() result: {"element-6066-11e4-a52e-4f735466cecf":"00000000-0000-00eb-ffff-ffff0000003a","ELEMENT":"00000000-0000-00eb-ffff-ffff0000003a"}
[35m[HTTP][39m [37m<-- POST /session/355d5405-b623-4e47-9730-39833eab1b04/element [39m[32m200[39m [90m59 ms - 137[39m
[35m[HTTP][39m [90m[39m
[35m[HTTP][39m [37m-->[39m [37mPOST[39m [37m/session/355d5405-b623-4e47-9730-39833eab1b04/element/00000000-0000-00eb-ffff-ffff0000003a/click[39m
[35m[HTTP][39m [90m{}[39m
[debug] [35m[AndroidUiautomator2Driver@2649 (355d5405)][39m Calling AppiumDriver.click() with args: ["00000000-0000-00eb-ffff-ffff0000003a","355d5405-b623-4e47-9730-39833eab1b04"]
[debug] [35m[AndroidUiautomator2Driver@2649 (355d5405)][39m Matched '/element/00000000-0000-00eb-ffff-ffff0000003a/click' to command name 'click'
[debug] [35m[AndroidUiautomator2Driver@2649 (355d5405)][39m Proxying [POST /element/00000000-0000-00eb-ffff-ffff0000003a/click] to [POST http://127.0.0.1:8201/session/4552d76a-ec45-42c4-8ca7-64d7d50c654a/element/00000000-0000-00eb-ffff-ffff0000003a/click] with body: {"element":"00000000-0000-00eb-ffff-ffff0000003a"}
[debug] [35m[AndroidUiautomator2Driver@2649 (355d5405)][39m Got response with status 200: {"sessionId":"4552d76a-ec45-42c4-8ca7-64d7d50c654a","value":null}
[debug] [35m[AndroidUiautomator2Driver@2649 (355d5405)][39m Responding to client with driver.click() result: null
[35m[HTTP][39m [37m<-- POST /session/355d5405-b623-4e47-9730-39833eab1b04/element/00000000-0000-00eb-ffff-ffff0000003a/click [39m[32m200[39m [90m815 ms - 14[39m
[35m[HTTP][39m [90m[39m
[35m[HTTP][39m [37m-->[39m [37mPOST[39m [37m/session/355d5405-b623-4e47-9730-39833eab1b04/element[39m
[35m[HTTP][39m [90m{"using":"accessibility id","value":"Secure Dialog"}[39m
[debug] [35m[AndroidUiautomator2Driver@2649 (355d5405)][39m Calling AppiumDriver.findElement() with args: ["accessibility id","Secure Dialog","355d5405-b623-4e47-9730-39833eab1b04"]
[debug] [35m[AndroidUiautomator2Driver@2649 (355d5405)][39m Valid locator strategies for this request: xpath, id, class name, accessibility id, css selector, -android uiautomator
[debug] [35m[AndroidUiautomator2Driver@2649 (355d5405)][39m Waiting up to 0 ms for condition
[debug] [35m[AndroidUiautomator2Driver@2649 (355d5405)][39m Matched '/element' to command name 'findElement'
[debug] [35m[AndroidUiautomator2Driver@2649 (355d5405)][39m Proxying [POST /element] to [POST http://127.0.0.1:8201/session/4552d76a-ec45-42c4-8ca7-64d7d50c654a/element] with body: {"strategy":"accessibility id","selector":"Secure Dialog","context":"","multiple":false}
[debug] [35m[AndroidUiautomator2Driver@2649 (355d5405)][39m Got response with status 200: {"sessionId":"4552d76a-ec45-42c4-8ca7-64d7d50c654a","value":{"ELEMENT":"00000000-0000-00ec-ffff-ffff00000051","element-6066-11e4-a52e-4f735466cecf":"00000000-0000-00ec-ffff-ffff00000051"}}
[debug] [35m[AndroidUiautomator2Driver@2649 (355d5405)][39m Responding to client with driver.findElement() result: {"element-6066-11e4-a52e-4f735466cecf":"00000000-0000-00ec-ffff-ffff00000051","ELEMENT":"00000000-0000-00ec-ffff-ffff00000051"}
[35m[HTTP][39m [37m<-- POST /session/355d5405-b623-4e47-9730-39833eab1b04/element [39m[32m200[39m [90m14 ms - 137[39m
[35m[HTTP][39m [90m[39m
[35m[HTTP][39m [37m-->[39m [37mPOST[39m [37m/session/355d5405-b623-4e47-9730-39833eab1b04/elements[39m
[35m[HTTP][39m [90m{"using":"accessibility id","value":"Secure Dialog"}[39m
[debug] [35m[AndroidUiautomator2Driver@2649 (355d5405)][39m Calling AppiumDriver.findElements() with args: ["accessibility id","Secure Dialog","355d5405-b623-4e47-9730-39833eab1b04"]
[debug] [35m[AndroidUiautomator2Driver@2649 (355d5405)][39m Valid locator strategies for this request: xpath, id, class name, accessibility id, css selector, -android uiautomator
[debug] [35m[AndroidUiautomator2Driver@2649 (355d5405)][39m Waiting up to 0 ms for condition
[debug] [35m[AndroidUiautomator2Driver@2649 (355d5405)][39m Matched '/elements' to command name 'findElements'
[debug] [35m[AndroidUiautomator2Driver@2649 (355d5405)][39m Proxying [POST /elements] to [POST http://127.0.0.1:8201/session/4552d76a-ec45-42c4-8ca7-64d7d50c654a/elements] with body: {"strategy":"accessibility id","selector":"Secure Dialog","context":"","multiple":true}
[debug] [35m[AndroidUiautomator2Driver@2649 (355d5405)][39m Got response with status 200: {"sessionId":"4552d76a-ec45-42c4-8ca7-64d7d50c654a","value":[{"ELEMENT":"00000000-0000-00ec-ffff-ffff00000051","element-6066-11e4-a52e-4f735466cecf":"00000000-0000-00ec-ffff-ffff00000051"}]}
[debug] [35m[AndroidUiautomator2Driver@2649 (355d5405)][39m Responding to client with driver.findElements() result: [{"element-6066-11e4-a52e-4f735466cecf":"00000000-0000-00ec-ffff-ffff00000051","ELEMENT":"00000000-0000-00ec-ffff-ffff00000051"}]
[35m[HTTP][39m [37m<-- POST /session/355d5405-b623-4e47-9730-39833eab1b04/elements [39m[32m200[39m [90m16 ms - 139[39m
[35m[HTTP][39m [90m[39m
[35m[HTTP][39m [37m-->[39m [37mDELETE[39m [37m/session/355d5405-b623-4e47-9730-39833eab1b04[39m
[35m[HTTP][39m [90m{}[39m
[debug] [35m[AndroidUiautomator2Driver@2649 (355d5405)][39m Calling AppiumDriver.deleteSession() with args: ["355d5405-b623-4e47-9730-39833eab1b04"]
[debug] [35m[AppiumDriver@8b2c][39m Event 'quitSessionRequested' logged at 1663100002916 (02:13:22 GMT+0600 (Bangladesh Standard Time))
[35m[AppiumDriver@8b2c][39m Removing session 355d5405-b623-4e47-9730-39833eab1b04 from our master session list
[debug] [35m[AndroidUiautomator2Driver@2649 (355d5405)][39m Deleting UiAutomator2 session
[debug] [35m[AndroidUiautomator2Driver@2649 (355d5405)][39m Deleting UiAutomator2 server session
[debug] [35m[AndroidUiautomator2Driver@2649 (355d5405)][39m Matched '/' to command name 'deleteSession'
[debug] [35m[AndroidUiautomator2Driver@2649 (355d5405)][39m Proxying [DELETE /] to [DELETE http://127.0.0.1:8201/session/4552d76a-ec45-42c4-8ca7-64d7d50c654a] with no body
[debug] [35m[AndroidUiautomator2Driver@2649 (355d5405)][39m Got response with status 200: {"sessionId":"4552d76a-ec45-42c4-8ca7-64d7d50c654a","value":null}
[debug] [35m[ADB][39m Running 'C:\Users\sulta\AppData\Local\Android\Sdk\platform-tools\adb.exe -P 5037 -s emulator-5554 shell dumpsys activity services io.appium.settings/.recorder.RecorderService'
[debug] [35m[ADB][39m Running 'C:\Users\sulta\AppData\Local\Android\Sdk\platform-tools\adb.exe -P 5037 -s emulator-5554 shell am force-stop io.appium.android.apis'
[debug] [35m[Logcat][39m Stopping logcat capture
[debug] [35m[ADB][39m Removing forwarded port socket connection: 8201 
[debug] [35m[ADB][39m Running 'C:\Users\sulta\AppData\Local\Android\Sdk\platform-tools\adb.exe -P 5037 -s emulator-5554 forward --remove tcp:8201'
[35m[AndroidUiautomator2Driver@2649 (355d5405)][39m Restoring hidden api policy to the device default configuration
[debug] [35m[ADB][39m Running 'C:\Users\sulta\AppData\Local\Android\Sdk\platform-tools\adb.exe -P 5037 -s emulator-5554 shell 'settings delete global hidden_api_policy_pre_p_apps;settings delete global hidden_api_policy_p_apps;settings delete global hidden_api_policy''
[debug] [35m[AppiumDriver@8b2c][39m Event 'quitSessionFinished' logged at 1663100003123 (02:13:23 GMT+0600 (Bangladesh Standard Time))
[debug] [35m[AppiumDriver@8b2c][39m Received response: null
[debug] [35m[AppiumDriver@8b2c][39m But deleting session, so not returning
[debug] [35m[AppiumDriver@8b2c][39m Responding to client with driver.deleteSession() result: null
[35m[HTTP][39m [37m<-- DELETE /session/355d5405-b623-4e47-9730-39833eab1b04 [39m[32m200[39m [90m208 ms - 14[39m
[35m[HTTP][39m [90m[39m
